#
# A fatal error has been detected by the Java Runtime Environment:
#
#  EXCEPTION_ACCESS_VIOLATION (0xc0000005) at pc=0x00007ffdcf8c700c, pid=1832, tid=7144
#
# JRE version: Java(TM) SE Runtime Environment (15.0+36) (build 15+36-1562)
# Java VM: Java HotSpot(TM) 64-Bit Server VM (15+36-1562, mixed mode, sharing, tiered, compressed oops, g1 gc, windows-amd64)
# Problematic frame:
# V  [jvm.dll+0x6a700c]
#
# No core dump will be written. Minidumps are not enabled by default on client versions of Windows
#
# If you would like to submit a bug report, please visit:
#   https://bugreport.java.com/bugreport/crash.jsp
#

---------------  S U M M A R Y ------------

Command Line: -XX:+ShowCodeDetailsInExceptionMessages -agentlib:jdwp=transport=dt_socket,suspend=y,address=localhost:58886 -ea -Dfile.encoding=Cp1252 org.testng.remote.RemoteTestNG -serport 58885 -protocol json -d F:\Eclipse_Workspace\RestAssure_RahulSetty\RestProject\test-output C:\Users\Lenovo\AppData\Local\Temp\testng-eclipse--698444597\testng-customsuite.xml

Host: Intel(R) Core(TM) i3-5005U CPU @ 2.00GHz, 4 cores, 3G,  Windows 10 , 64 bit Build 18362 (10.0.18362.1110)
Time: Sat Jan  9 00:27:12 2021 India Standard Time elapsed time: 90.671265 seconds (0d 0h 1m 30s)

---------------  T H R E A D  ---------------

Current thread (0x0000026377db0f20):  JavaThread "JDWP Transport Listener: dt_socket" daemon [_thread_in_vm, id=7144, stack(0x000000d174900000,0x000000d174a00000)] _threads_hazard_ptr=0x000002637aca7120

Stack: [0x000000d174900000,0x000000d174a00000],  sp=0x000000d1749fe870,  free space=1018k
Native frames: (J=compiled Java code, j=interpreted, Vv=VM code, C=native code)
V  [jvm.dll+0x6a700c]
V  [jvm.dll+0x2ff8af]
V  [jvm.dll+0x3019eb]
V  [jvm.dll+0x30203e]
V  [jvm.dll+0x2ff6ef]
V  [jvm.dll+0x2fe99a]
V  [jvm.dll+0x618d40]
V  [jvm.dll+0x618a23]
V  [jvm.dll+0x5de258]
V  [jvm.dll+0x7773df]
V  [jvm.dll+0x4ef581]
V  [jvm.dll+0x786e85]
V  [jvm.dll+0x4d33da]
V  [jvm.dll+0x49455b]
C  [jdwp.dll+0x796b]


siginfo: EXCEPTION_ACCESS_VIOLATION (0xc0000005), reading address 0x0000000000000004


Register to memory mapping:

RIP=0x00007ffdcf8c700c jvm.dll
RAX=0x0 is NULL
RBX=0x0 is NULL
RCX=0x000000d1749fe890 is pointing into the stack for thread: 0x0000026377db0f20
RDX=0x0 is NULL
RSP=0x000000d1749fe870 is pointing into the stack for thread: 0x0000026377db0f20
RBP=0x000000d1749fe9d0 is pointing into the stack for thread: 0x0000026377db0f20
RSI=0x0000000000000001 is an unknown value
RDI=0x000000d1749fefe0 is pointing into the stack for thread: 0x0000026377db0f20
R8 =0x0 is NULL
R9 =0x00000263778993d0 is pointing into metadata
R10=0x000000d1749fefe0 is pointing into the stack for thread: 0x0000026377db0f20
R11={method} {0x0000026377899be0} 'postTest' '()V' in 'com/qa/practice/RestProject/BasicsPractice'
R12=0x00007ffdcf220000 jvm.dll
R13=0x000002637c9dc4b0 points into unknown readable memory: 0x00000000c1882600 | 00 26 88 c1 00 00 00 00
R14=0x000000d1749fe900 is pointing into the stack for thread: 0x0000026377db0f20
R15=0x000000000000011e is an unknown value


Registers:
RAX=0x0000000000000000, RBX=0x0000000000000000, RCX=0x000000d1749fe890, RDX=0x0000000000000000
RSP=0x000000d1749fe870, RBP=0x000000d1749fe9d0, RSI=0x0000000000000001, RDI=0x000000d1749fefe0
R8 =0x0000000000000000, R9 =0x00000263778993d0, R10=0x000000d1749fefe0, R11=0x0000026377899bd8
R12=0x00007ffdcf220000, R13=0x000002637c9dc4b0, R14=0x000000d1749fe900, R15=0x000000000000011e
RIP=0x00007ffdcf8c700c, EFLAGS=0x0000000000010246

Top of Stack: (sp=0x000000d1749fe870)
0x000000d1749fe870:   0000000000000000 0000000000000000
0x000000d1749fe880:   000000d1749fefe0 0000000000000000
0x000000d1749fe890:   0000000000000000 00007ffdcf42e06e
0x000000d1749fe8a0:   0000000000000001 0000000000000000
0x000000d1749fe8b0:   00000008004000a0 0000000000000000
0x000000d1749fe8c0:   0000026377899b08 00007ffdcf51f8af
0x000000d1749fe8d0:   0000000000000000 0000000000000001
0x000000d1749fe8e0:   0000000000000002 00007ffe125bb434
0x000000d1749fe8f0:   00000263684b0000 0000026300000003
0x000000d1749fe900:   0000000000000000 00007ffd00000063
0x000000d1749fe910:   0000000000000000 000000d1749fe958
0x000000d1749fe920:   0000026300000000 00000008004061a8
0x000000d1749fe930:   0000002600000014 0000000000000026
0x000000d1749fe940:   000000030000000c 00000008004000a0
0x000000d1749fe950:   0000000000000000 00000000460000a4
0x000000d1749fe960:   0000026378d075f0 00007ffdcf916c2f 

Instructions: (pc=0x00007ffdcf8c700c)
0x00007ffdcf8c6f0c:   47 1c 03 00 00 00 44 89 47 0c 44 89 47 08 44 3b
0x00007ffdcf8c6f1c:   c3 7c 17 c7 47 1c ff ff ff ff 48 8b 5c 24 30 48
0x00007ffdcf8c6f2c:   8b 74 24 38 48 83 c4 20 5f c3 0f be 4c 30 07 e8
0x00007ffdcf8c6f3c:   e0 fb ff ff 48 83 c6 06 89 47 18 83 e8 0c 74 50
0x00007ffdcf8c6f4c:   83 f8 01 75 34 49 63 c0 48 3b c3 7d 18 0f 1f 80
0x00007ffdcf8c6f5c:   00 00 00 00 80 3c 30 5b 75 0b 41 ff c0 48 ff c0
0x00007ffdcf8c6f6c:   48 3b c3 7c ef 49 63 c8 41 8b c0 2b 47 0c 48 03
0x00007ffdcf8c6f7c:   ce 89 47 14 80 39 4c 74 1d 41 8d 58 01 89 5f 0c
0x00007ffdcf8c6f8c:   48 8b 5c 24 30 48 8b 74 24 38 48 83 c4 20 5f c3
0x00007ffdcf8c6f9c:   49 63 c8 48 03 ce 8b c3 ba 3b 00 00 00 41 2b c0
0x00007ffdcf8c6fac:   4c 63 c0 e8 5c 16 13 00 48 85 c0 74 06 8b d8 2b
0x00007ffdcf8c6fbc:   de ff c3 48 8b 74 24 38 89 5f 0c 48 8b 5c 24 30
0x00007ffdcf8c6fcc:   48 83 c4 20 5f c3 cc cc cc cc cc cc cc cc cc cc
0x00007ffdcf8c6fdc:   cc cc cc cc 41 56 48 83 ec 50 83 79 08 63 4c 8b
0x00007ffdcf8c6fec:   f1 0f 85 d3 00 00 00 48 8b 01 48 8d 4c 24 20 48
0x00007ffdcf8c6ffc:   89 44 24 20 48 89 5c 24 60 33 db 48 89 74 24 68
0x00007ffdcf8c700c:   0f b7 40 04 89 44 24 30 48 8b 05 bd f1 41 00 48
0x00007ffdcf8c701c:   89 44 24 40 c7 44 24 3c 01 00 00 00 c7 44 24 2c
0x00007ffdcf8c702c:   01 00 00 00 c7 44 24 28 01 00 00 00 89 5c 24 34
0x00007ffdcf8c703c:   48 89 5c 24 48 e8 7a fe ff ff 48 8d 4c 24 20 e8
0x00007ffdcf8c704c:   b0 00 00 00 8b 44 24 38 48 8b 4c 24 40 41 89 46
0x00007ffdcf8c705c:   08 e8 ee e8 04 00 48 8b 74 24 48 48 85 f6 74 45
0x00007ffdcf8c706c:   39 1e 7e 41 48 89 7c 24 70 8b fb 66 0f 1f 84 00
0x00007ffdcf8c707c:   00 00 00 00 48 8b 4e 18 48 8b 0c 39 e8 c3 e8 04
0x00007ffdcf8c708c:   00 ff c3 48 8d 7f 08 3b 1e 7c e9 41 8b 46 08 48
0x00007ffdcf8c709c:   8b 7c 24 70 48 8b 5c 24 60 48 8b 74 24 68 48 83
0x00007ffdcf8c70ac:   c4 50 41 5e c3 41 8b 46 08 48 8b 5c 24 60 48 8b
0x00007ffdcf8c70bc:   74 24 68 48 83 c4 50 41 5e c3 8b 41 08 48 83 c4
0x00007ffdcf8c70cc:   50 41 5e c3 48 8d 42 ff 48 83 f8 fd 77 14 48 3b
0x00007ffdcf8c70dc:   51 10 74 19 48 89 51 10 48 d1 ea 83 e2 0f 89 51
0x00007ffdcf8c70ec:   08 c3 48 89 51 10 c7 41 08 63 00 00 00 c3 cc cc
0x00007ffdcf8c70fc:   cc cc cc cc 40 53 48 83 ec 20 8b 41 1c 48 8b d9 


Stack slot to memory mapping:
stack at sp + 0 slots: 0x0 is NULL
stack at sp + 1 slots: 0x0 is NULL
stack at sp + 2 slots: 0x000000d1749fefe0 is pointing into the stack for thread: 0x0000026377db0f20
stack at sp + 3 slots: 0x0 is NULL
stack at sp + 4 slots: 0x0 is NULL
stack at sp + 5 slots: 0x00007ffdcf42e06e jvm.dll
stack at sp + 6 slots: 0x0000000000000001 is an unknown value
stack at sp + 7 slots: 0x0 is NULL


---------------  P R O C E S S  ---------------

Threads class SMR info:
_java_thread_list=0x000002637aca7120, length=15, elements={
0x000002636a70aff0, 0x000002637732eb90, 0x000002637732f670, 0x00000263773488f0,
0x000002637734b1c0, 0x000002637734da90, 0x000002637735aba0, 0x000002637735d4b0,
0x00000263773689a0, 0x0000026377db0f20, 0x0000026377db4d80, 0x0000026377db7280,
0x0000026377dc68a0, 0x0000026377dcea60, 0x0000026378b99330
}

Java Threads: ( => current thread )
  0x000002636a70aff0 JavaThread "main" [_thread_blocked, id=5792, stack(0x000000d173a00000,0x000000d173b00000)]
  0x000002637732eb90 JavaThread "Reference Handler" daemon [_thread_blocked, id=12436, stack(0x000000d174100000,0x000000d174200000)]
  0x000002637732f670 JavaThread "Finalizer" daemon [_thread_blocked, id=11648, stack(0x000000d174200000,0x000000d174300000)]
  0x00000263773488f0 JavaThread "Signal Dispatcher" daemon [_thread_blocked, id=1700, stack(0x000000d174300000,0x000000d174400000)]
  0x000002637734b1c0 JavaThread "Attach Listener" daemon [_thread_blocked, id=2868, stack(0x000000d174400000,0x000000d174500000)]
  0x000002637734da90 JavaThread "Service Thread" daemon [_thread_blocked, id=8576, stack(0x000000d174500000,0x000000d174600000)]
  0x000002637735aba0 JavaThread "C2 CompilerThread0" daemon [_thread_blocked, id=8244, stack(0x000000d174600000,0x000000d174700000)]
  0x000002637735d4b0 JavaThread "C1 CompilerThread0" daemon [_thread_blocked, id=3464, stack(0x000000d174700000,0x000000d174800000)]
  0x00000263773689a0 JavaThread "Sweeper thread" daemon [_thread_blocked, id=7276, stack(0x000000d174800000,0x000000d174900000)]
=>0x0000026377db0f20 JavaThread "JDWP Transport Listener: dt_socket" daemon [_thread_in_vm, id=7144, stack(0x000000d174900000,0x000000d174a00000)]
  0x0000026377db4d80 JavaThread "JDWP Event Helper Thread" daemon [_thread_blocked, id=11004, stack(0x000000d174a00000,0x000000d174b00000)]
  0x0000026377db7280 JavaThread "JDWP Command Reader" daemon [_thread_in_native, id=9116, stack(0x000000d174b00000,0x000000d174c00000)]
  0x0000026377dc68a0 JavaThread "Notification Thread" daemon [_thread_blocked, id=5620, stack(0x000000d174c00000,0x000000d174d00000)]
  0x0000026377dcea60 JavaThread "Common-Cleaner" daemon [_thread_blocked, id=6948, stack(0x000000d174e00000,0x000000d174f00000)]
  0x0000026378b99330 JavaThread "ReaderThread" [_thread_in_native, id=8428, stack(0x000000d175100000,0x000000d175200000)]

Other Threads:
  0x000002636a7ceae0 VMThread "VM Thread" [stack: 0x000000d174000000,0x000000d174100000] [id=10616]
  0x0000026377dca630 WatcherThread [stack: 0x000000d174d00000,0x000000d174e00000] [id=4032]
  0x000002636a739840 GCTaskThread "GC Thread#0" [stack: 0x000000d173b00000,0x000000d173c00000] [id=1548]
  0x0000026378084fc0 GCTaskThread "GC Thread#1" [stack: 0x000000d175200000,0x000000d175300000] [id=12924]
  0x0000026378084630 GCTaskThread "GC Thread#2" [stack: 0x000000d175300000,0x000000d175400000] [id=5372]
  0x00000263780862e0 GCTaskThread "GC Thread#3" [stack: 0x000000d175400000,0x000000d175500000] [id=5408]
  0x000002636a763810 ConcurrentGCThread "G1 Main Marker" [stack: 0x000000d173c00000,0x000000d173d00000] [id=2816]
  0x000002636a764390 ConcurrentGCThread "G1 Conc#0" [stack: 0x000000d173d00000,0x000000d173e00000] [id=9036]
  0x000002636a7b4800 ConcurrentGCThread "G1 Refine#0" [stack: 0x000000d173e00000,0x000000d173f00000] [id=5704]
  0x0000026378ab3080 ConcurrentGCThread "G1 Refine#1" [stack: 0x000000d175500000,0x000000d175600000] [id=8996]
  0x000002636a7b5390 ConcurrentGCThread "G1 Young RemSet Sampling" [stack: 0x000000d173f00000,0x000000d174000000] [id=8872]

Threads with active compile tasks:

VM state: not at safepoint (normal execution)

VM Mutex/Monitor currently owned by a thread: None

Heap address: 0x00000000c1400000, size: 1004 MB, Compressed Oops mode: 32-bit
CDS archive(s) mapped at: [0x0000000800000000-0x0000000800b50000-0x0000000800b50000), size 11862016, SharedBaseAddress: 0x0000000800000000, ArchiveRelocationMode: 0.
Compressed class space mapped at: 0x0000000800b50000-0x0000000840b50000, size: 1073741824
Narrow klass base: 0x0000000800000000, Narrow klass shift: 3, Narrow klass range: 0x100000000

GC Precious Log:
 CPUs: 4 total, 4 available
 Memory: 4009M
 Large Page Support: Disabled
 NUMA Support: Disabled
 Compressed Oops: Enabled (32-bit)
 Heap Region Size: 1M
 Heap Min Capacity: 8M
 Heap Initial Capacity: 64M
 Heap Max Capacity: 1004M
 Pre-touch: Disabled
 Parallel Workers: 4
 Concurrent Workers: 1
 Concurrent Refinement Workers: 4
 Periodic GC: Disabled

Heap:
 garbage-first heap   total 68608K, used 39914K [0x00000000c1400000, 0x0000000100000000)
  region size 1024K, 23 young (23552K), 5 survivors (5120K)
 Metaspace       used 29338K, capacity 30402K, committed 30640K, reserved 1075200K
  class space    used 3528K, capacity 4039K, committed 4096K, reserved 1048576K

Heap Regions: E=young(eden), S=young(survivor), O=old, HS=humongous(starts), HC=humongous(continues), CS=collection set, F=free, OA=open archive, CA=closed archive, TAMS=top-at-mark-start (previous, next)
|   0|0x00000000c1400000, 0x00000000c1500000, 0x00000000c1500000|100%| O|  |TAMS 0x00000000c1500000, 0x00000000c1400000| Untracked 
|   1|0x00000000c1500000, 0x00000000c1600000, 0x00000000c1600000|100%| O|  |TAMS 0x00000000c1600000, 0x00000000c1500000| Untracked 
|   2|0x00000000c1600000, 0x00000000c1700000, 0x00000000c1700000|100%| O|  |TAMS 0x00000000c1700000, 0x00000000c1600000| Untracked 
|   3|0x00000000c1700000, 0x00000000c1800000, 0x00000000c1800000|100%| O|  |TAMS 0x00000000c1800000, 0x00000000c1700000| Untracked 
|   4|0x00000000c1800000, 0x00000000c1900000, 0x00000000c1900000|100%| O|  |TAMS 0x00000000c1900000, 0x00000000c1800000| Untracked 
|   5|0x00000000c1900000, 0x00000000c1a00000, 0x00000000c1a00000|100%| O|  |TAMS 0x00000000c1a00000, 0x00000000c1900000| Untracked 
|   6|0x00000000c1a00000, 0x00000000c1b00000, 0x00000000c1b00000|100%| O|  |TAMS 0x00000000c1b00000, 0x00000000c1a00000| Untracked 
|   7|0x00000000c1b00000, 0x00000000c1c00000, 0x00000000c1c00000|100%| O|  |TAMS 0x00000000c1c00000, 0x00000000c1b00000| Untracked 
|   8|0x00000000c1c00000, 0x00000000c1d00000, 0x00000000c1d00000|100%| O|  |TAMS 0x00000000c1d00000, 0x00000000c1c00000| Untracked 
|   9|0x00000000c1d00000, 0x00000000c1e00000, 0x00000000c1e00000|100%| O|  |TAMS 0x00000000c1e00000, 0x00000000c1d00000| Untracked 
|  10|0x00000000c1e00000, 0x00000000c1f00000, 0x00000000c1f00000|100%| O|  |TAMS 0x00000000c1f00000, 0x00000000c1e00000| Untracked 
|  11|0x00000000c1f00000, 0x00000000c2000000, 0x00000000c2000000|100%| O|  |TAMS 0x00000000c2000000, 0x00000000c1f00000| Untracked 
|  12|0x00000000c2000000, 0x00000000c2100000, 0x00000000c2100000|100%| O|  |TAMS 0x00000000c2100000, 0x00000000c2000000| Untracked 
|  13|0x00000000c2100000, 0x00000000c2200000, 0x00000000c2200000|100%| O|  |TAMS 0x00000000c2200000, 0x00000000c2100000| Untracked 
|  14|0x00000000c2200000, 0x00000000c2227800, 0x00000000c2300000| 15%| O|  |TAMS 0x00000000c2227800, 0x00000000c2200000| Untracked 
|  15|0x00000000c2300000, 0x00000000c2400000, 0x00000000c2400000|100%| O|  |TAMS 0x00000000c2300000, 0x00000000c2300000| Untracked 
|  16|0x00000000c2400000, 0x00000000c2500000, 0x00000000c2500000|100%| O|  |TAMS 0x00000000c2400000, 0x00000000c2400000| Untracked 
|  17|0x00000000c2500000, 0x00000000c2600000, 0x00000000c2600000|100%| O|  |TAMS 0x00000000c2500000, 0x00000000c2500000| Untracked 
|  18|0x00000000c2600000, 0x00000000c2700000, 0x00000000c2700000|100%| O|  |TAMS 0x00000000c2600000, 0x00000000c2600000| Untracked 
|  19|0x00000000c2700000, 0x00000000c271e000, 0x00000000c2800000| 11%| O|  |TAMS 0x00000000c2700000, 0x00000000c2700000| Untracked 
|  20|0x00000000c2800000, 0x00000000c2800000, 0x00000000c2900000|  0%| F|  |TAMS 0x00000000c2800000, 0x00000000c2800000| Untracked 
|  21|0x00000000c2900000, 0x00000000c2900000, 0x00000000c2a00000|  0%| F|  |TAMS 0x00000000c2900000, 0x00000000c2900000| Untracked 
|  22|0x00000000c2a00000, 0x00000000c2a00000, 0x00000000c2b00000|  0%| F|  |TAMS 0x00000000c2a00000, 0x00000000c2a00000| Untracked 
|  23|0x00000000c2b00000, 0x00000000c2b00000, 0x00000000c2c00000|  0%| F|  |TAMS 0x00000000c2b00000, 0x00000000c2b00000| Untracked 
|  24|0x00000000c2c00000, 0x00000000c2cb5240, 0x00000000c2d00000| 70%| S|CS|TAMS 0x00000000c2c00000, 0x00000000c2c00000| Complete 
|  25|0x00000000c2d00000, 0x00000000c2e00000, 0x00000000c2e00000|100%| S|CS|TAMS 0x00000000c2d00000, 0x00000000c2d00000| Complete 
|  26|0x00000000c2e00000, 0x00000000c2f00000, 0x00000000c2f00000|100%| S|CS|TAMS 0x00000000c2e00000, 0x00000000c2e00000| Complete 
|  27|0x00000000c2f00000, 0x00000000c3000000, 0x00000000c3000000|100%| S|CS|TAMS 0x00000000c2f00000, 0x00000000c2f00000| Complete 
|  28|0x00000000c3000000, 0x00000000c3100000, 0x00000000c3100000|100%| S|CS|TAMS 0x00000000c3000000, 0x00000000c3000000| Complete 
|  29|0x00000000c3100000, 0x00000000c3100000, 0x00000000c3200000|  0%| F|  |TAMS 0x00000000c3100000, 0x00000000c3100000| Untracked 
|  30|0x00000000c3200000, 0x00000000c3200000, 0x00000000c3300000|  0%| F|  |TAMS 0x00000000c3200000, 0x00000000c3200000| Untracked 
|  31|0x00000000c3300000, 0x00000000c3300000, 0x00000000c3400000|  0%| F|  |TAMS 0x00000000c3300000, 0x00000000c3300000| Untracked 
|  32|0x00000000c3400000, 0x00000000c3400000, 0x00000000c3500000|  0%| F|  |TAMS 0x00000000c3400000, 0x00000000c3400000| Untracked 
|  33|0x00000000c3500000, 0x00000000c3500000, 0x00000000c3600000|  0%| F|  |TAMS 0x00000000c3500000, 0x00000000c3500000| Untracked 
|  34|0x00000000c3600000, 0x00000000c3600000, 0x00000000c3700000|  0%| F|  |TAMS 0x00000000c3600000, 0x00000000c3600000| Untracked 
|  35|0x00000000c3700000, 0x00000000c3700000, 0x00000000c3800000|  0%| F|  |TAMS 0x00000000c3700000, 0x00000000c3700000| Untracked 
|  36|0x00000000c3800000, 0x00000000c3800000, 0x00000000c3900000|  0%| F|  |TAMS 0x00000000c3800000, 0x00000000c3800000| Untracked 
|  37|0x00000000c3900000, 0x00000000c3900000, 0x00000000c3a00000|  0%| F|  |TAMS 0x00000000c3900000, 0x00000000c3900000| Untracked 
|  38|0x00000000c3a00000, 0x00000000c3a00000, 0x00000000c3b00000|  0%| F|  |TAMS 0x00000000c3a00000, 0x00000000c3a00000| Untracked 
|  39|0x00000000c3b00000, 0x00000000c3b00000, 0x00000000c3c00000|  0%| F|  |TAMS 0x00000000c3b00000, 0x00000000c3b00000| Untracked 
|  40|0x00000000c3c00000, 0x00000000c3c00000, 0x00000000c3d00000|  0%| F|  |TAMS 0x00000000c3c00000, 0x00000000c3c00000| Untracked 
|  41|0x00000000c3d00000, 0x00000000c3d00000, 0x00000000c3e00000|  0%| F|  |TAMS 0x00000000c3d00000, 0x00000000c3d00000| Untracked 
|  42|0x00000000c3e00000, 0x00000000c3e00000, 0x00000000c3f00000|  0%| F|  |TAMS 0x00000000c3e00000, 0x00000000c3e00000| Untracked 
|  43|0x00000000c3f00000, 0x00000000c3f00000, 0x00000000c4000000|  0%| F|  |TAMS 0x00000000c3f00000, 0x00000000c3f00000| Untracked 
|  44|0x00000000c4000000, 0x00000000c4000000, 0x00000000c4100000|  0%| F|  |TAMS 0x00000000c4000000, 0x00000000c4000000| Untracked 
|  45|0x00000000c4100000, 0x00000000c4100000, 0x00000000c4200000|  0%| F|  |TAMS 0x00000000c4100000, 0x00000000c4100000| Untracked 
|  46|0x00000000c4200000, 0x00000000c4200000, 0x00000000c4300000|  0%| F|  |TAMS 0x00000000c4200000, 0x00000000c4200000| Untracked 
|  47|0x00000000c4300000, 0x00000000c4300000, 0x00000000c4400000|  0%| F|  |TAMS 0x00000000c4300000, 0x00000000c4300000| Untracked 
|  48|0x00000000c4400000, 0x00000000c4400000, 0x00000000c4500000|  0%| F|  |TAMS 0x00000000c4400000, 0x00000000c4400000| Untracked 
|  49|0x00000000c4500000, 0x00000000c4500800, 0x00000000c4600000|  0%| E|  |TAMS 0x00000000c4500000, 0x00000000c4500000| Complete 
|  50|0x00000000c4600000, 0x00000000c4700000, 0x00000000c4700000|100%| E|CS|TAMS 0x00000000c4600000, 0x00000000c4600000| Complete 
|  51|0x00000000c4700000, 0x00000000c4800000, 0x00000000c4800000|100%| E|  |TAMS 0x00000000c4700000, 0x00000000c4700000| Complete 
|  52|0x00000000c4800000, 0x00000000c4900000, 0x00000000c4900000|100%| E|CS|TAMS 0x00000000c4800000, 0x00000000c4800000| Complete 
|  53|0x00000000c4900000, 0x00000000c4a00000, 0x00000000c4a00000|100%| E|CS|TAMS 0x00000000c4900000, 0x00000000c4900000| Complete 
|  54|0x00000000c4a00000, 0x00000000c4b00000, 0x00000000c4b00000|100%| E|CS|TAMS 0x00000000c4a00000, 0x00000000c4a00000| Complete 
|  55|0x00000000c4b00000, 0x00000000c4c00000, 0x00000000c4c00000|100%| E|CS|TAMS 0x00000000c4b00000, 0x00000000c4b00000| Complete 
|  56|0x00000000c4c00000, 0x00000000c4d00000, 0x00000000c4d00000|100%| E|CS|TAMS 0x00000000c4c00000, 0x00000000c4c00000| Complete 
|  57|0x00000000c4d00000, 0x00000000c4e00000, 0x00000000c4e00000|100%| E|CS|TAMS 0x00000000c4d00000, 0x00000000c4d00000| Complete 
|  58|0x00000000c4e00000, 0x00000000c4f00000, 0x00000000c4f00000|100%| E|CS|TAMS 0x00000000c4e00000, 0x00000000c4e00000| Complete 
|  59|0x00000000c4f00000, 0x00000000c5000000, 0x00000000c5000000|100%| E|CS|TAMS 0x00000000c4f00000, 0x00000000c4f00000| Complete 
|  60|0x00000000c5000000, 0x00000000c5100000, 0x00000000c5100000|100%| E|CS|TAMS 0x00000000c5000000, 0x00000000c5000000| Complete 
|  61|0x00000000c5100000, 0x00000000c5200000, 0x00000000c5200000|100%| E|CS|TAMS 0x00000000c5100000, 0x00000000c5100000| Complete 
|  62|0x00000000c5200000, 0x00000000c5300000, 0x00000000c5300000|100%| E|CS|TAMS 0x00000000c5200000, 0x00000000c5200000| Complete 
|  63|0x00000000c5300000, 0x00000000c5400000, 0x00000000c5400000|100%| E|CS|TAMS 0x00000000c5300000, 0x00000000c5300000| Complete 
|  64|0x00000000c5400000, 0x00000000c5500000, 0x00000000c5500000|100%| E|CS|TAMS 0x00000000c5400000, 0x00000000c5400000| Complete 
|  65|0x00000000c5500000, 0x00000000c5600000, 0x00000000c5600000|100%| E|CS|TAMS 0x00000000c5500000, 0x00000000c5500000| Complete 
|  76|0x00000000c6000000, 0x00000000c6100000, 0x00000000c6100000|100%| E|CS|TAMS 0x00000000c6000000, 0x00000000c6000000| Complete 

Card table byte_map: [0x0000026372b30000,0x0000026372d30000] _byte_map_base: 0x0000026372526000

Marking Bits (Prev, Next): (CMBitMap*) 0x000002636a73afd0, (CMBitMap*) 0x000002636a73b010
 Prev Bits: [0x0000026372f30000, 0x0000026373ee0000)
 Next Bits: [0x0000026373ee0000, 0x0000026374e90000)

Polling page: 0x0000026368520000

Metaspace:

Usage:
  Non-class:     25.75 MB capacity,    25.21 MB ( 98%) used,   507.45 KB (  2%) free+waste,    45.13 KB ( <1%) overhead. 
      Class:      3.94 MB capacity,     3.45 MB ( 87%) used,   485.09 KB ( 12%) free+waste,    25.69 KB ( <1%) overhead. 
       Both:     29.69 MB capacity,    28.65 MB ( 97%) used,   992.55 KB (  3%) free+waste,    70.81 KB ( <1%) overhead. 

Virtual space:
  Non-class space:       26.00 MB reserved,      25.92 MB (>99%) committed 
      Class space:        1.00 GB reserved,       4.00 MB ( <1%) committed 
             Both:        1.03 GB reserved,      29.92 MB (  3%) committed 

Chunk freelists:
   Non-Class:  53.00 KB
       Class:  25.00 KB
        Both:  78.00 KB

MaxMetaspaceSize: 17179869184.00 GB
CompressedClassSpaceSize: 1.00 GB

CodeHeap 'non-profiled nmethods': size=120000Kb used=1935Kb max_used=1935Kb free=118064Kb
 bounds [0x0000026307ad0000, 0x0000026307d40000, 0x000002630f000000]
CodeHeap 'profiled nmethods': size=120000Kb used=7786Kb max_used=7786Kb free=112213Kb
 bounds [0x00000263005a0000, 0x0000026300d40000, 0x0000026307ad0000]
CodeHeap 'non-nmethods': size=5760Kb used=2412Kb max_used=2465Kb free=3347Kb
 bounds [0x0000026300000000, 0x0000026300280000, 0x00000263005a0000]
 total_blobs=4509 nmethods=3707 adapters=713
 compilation: enabled
              stopped_count=0, restarted_count=0
 full_count=0

Compilation events (20 events):
Event: 6.691 Thread 0x000002637735aba0 nmethod 3722 0x0000026307cab790 code [0x0000026307cab940, 0x0000026307cabb98]
Event: 6.691 Thread 0x000002637735aba0 3733       4       groovyjarjarasm.asm.ByteVector::put12 (64 bytes)
Event: 6.693 Thread 0x000002637735d4b0 3735       3       org.codehaus.groovy.reflection.ClassInfo::createCachedClass (514 bytes)
Event: 6.694 Thread 0x000002637735aba0 nmethod 3733 0x0000026307cabd90 code [0x0000026307cabf20, 0x0000026307cac148]
Event: 6.694 Thread 0x000002637735aba0 3734       4       java.lang.ClassLoader::getClassLoadingLock (35 bytes)
Event: 6.696 Thread 0x000002637735aba0 nmethod 3734 0x0000026307cac290 code [0x0000026307cac420, 0x0000026307cac548]
Event: 6.696 Thread 0x000002637735aba0 3737       4       java.lang.PublicMethods::merge (81 bytes)
Event: 6.697 Thread 0x000002637735d4b0 nmethod 3735 0x0000026300d34890 code [0x0000026300d34dc0, 0x0000026300d378b8]
Event: 6.697 Thread 0x000002637735d4b0 3736       3       org.codehaus.groovy.runtime.metaclass.MetaMethodIndex::isMatchingMethod (61 bytes)
Event: 6.698 Thread 0x000002637735d4b0 nmethod 3736 0x0000026300d38590 code [0x0000026300d38780, 0x0000026300d38d18]
Event: 6.698 Thread 0x000002637735d4b0 3739       3       java.lang.ClassLoader::createOrGetClassLoaderValueMap (37 bytes)
Event: 6.699 Thread 0x000002637735d4b0 nmethod 3739 0x0000026300d38f90 code [0x0000026300d39160, 0x0000026300d394c8]
Event: 6.699 Thread 0x000002637735d4b0 3738       3       java.util.HashMap::prepareArray (38 bytes)
Event: 6.699 Thread 0x000002637735d4b0 nmethod 3738 0x0000026300d39610 code [0x0000026300d39800, 0x0000026300d39e38]
Event: 6.700 Thread 0x0000026378bd5ec0 nmethod 3729 0x0000026307cac690 code [0x0000026307cac860, 0x0000026307cad438]
Event: 6.700 Thread 0x0000026378bd5ec0 3740       4       groovyjarjarasm.asm.Label::resolve (219 bytes)
Event: 6.702 Thread 0x000002637735d4b0 3741       3       java.util.stream.AbstractPipeline::evaluateToArrayNode (78 bytes)
Event: 6.703 Thread 0x000002637735d4b0 nmethod 3741 0x0000026300d3a010 code [0x0000026300d3a220, 0x0000026300d3a7d8]
Event: 6.707 Thread 0x0000026378bd5ec0 nmethod 3740 0x0000026307cad990 code [0x0000026307cadb20, 0x0000026307cadef8]
Event: 6.862 Thread 0x000002637735aba0 nmethod 3737 0x0000026307cae110 code [0x0000026307cae400, 0x0000026307cb2200]

GC Heap History (14 events):
Event: 1.341 GC heap before
{Heap before GC invocations=0 (full 0):
 garbage-first heap   total 65536K, used 12288K [0x00000000c1400000, 0x0000000100000000)
  region size 1024K, 13 young (13312K), 0 survivors (0K)
 Metaspace       used 5694K, capacity 6435K, committed 6656K, reserved 1056768K
  class space    used 608K, capacity 651K, committed 768K, reserved 1048576K
}
Event: 1.347 GC heap after
{Heap after GC invocations=1 (full 0):
 garbage-first heap   total 65536K, used 4587K [0x00000000c1400000, 0x0000000100000000)
  region size 1024K, 2 young (2048K), 2 survivors (2048K)
 Metaspace       used 5694K, capacity 6435K, committed 6656K, reserved 1056768K
  class space    used 608K, capacity 651K, committed 768K, reserved 1048576K
}
Event: 1.763 GC heap before
{Heap before GC invocations=1 (full 0):
 garbage-first heap   total 65536K, used 15851K [0x00000000c1400000, 0x0000000100000000)
  region size 1024K, 13 young (13312K), 2 survivors (2048K)
 Metaspace       used 8399K, capacity 8659K, committed 8704K, reserved 1056768K
  class space    used 925K, capacity 1007K, committed 1024K, reserved 1048576K
}
Event: 1.770 GC heap after
{Heap after GC invocations=2 (full 0):
 garbage-first heap   total 65536K, used 5753K [0x00000000c1400000, 0x0000000100000000)
  region size 1024K, 2 young (2048K), 2 survivors (2048K)
 Metaspace       used 8399K, capacity 8659K, committed 8704K, reserved 1056768K
  class space    used 925K, capacity 1007K, committed 1024K, reserved 1048576K
}
Event: 2.405 GC heap before
{Heap before GC invocations=2 (full 0):
 garbage-first heap   total 65536K, used 26233K [0x00000000c1400000, 0x0000000100000000)
  region size 1024K, 23 young (23552K), 2 survivors (2048K)
 Metaspace       used 12723K, capacity 12984K, committed 13312K, reserved 1060864K
  class space    used 1347K, capacity 1426K, committed 1536K, reserved 1048576K
}
Event: 2.413 GC heap after
{Heap after GC invocations=3 (full 0):
 garbage-first heap   total 65536K, used 8659K [0x00000000c1400000, 0x0000000100000000)
  region size 1024K, 3 young (3072K), 3 survivors (3072K)
 Metaspace       used 12723K, capacity 12984K, committed 13312K, reserved 1060864K
  class space    used 1347K, capacity 1426K, committed 1536K, reserved 1048576K
}
Event: 2.978 GC heap before
{Heap before GC invocations=3 (full 0):
 garbage-first heap   total 65536K, used 36307K [0x00000000c1400000, 0x0000000100000000)
  region size 1024K, 28 young (28672K), 3 survivors (3072K)
 Metaspace       used 15151K, capacity 15442K, committed 15488K, reserved 1062912K
  class space    used 1557K, capacity 1628K, committed 1664K, reserved 1048576K
}
Event: 2.991 GC heap after
{Heap after GC invocations=4 (full 0):
 garbage-first heap   total 65536K, used 12066K [0x00000000c1400000, 0x0000000100000000)
  region size 1024K, 4 young (4096K), 4 survivors (4096K)
 Metaspace       used 15151K, capacity 15442K, committed 15488K, reserved 1062912K
  class space    used 1557K, capacity 1628K, committed 1664K, reserved 1048576K
}
Event: 3.848 GC heap before
{Heap before GC invocations=4 (full 0):
 garbage-first heap   total 65536K, used 41762K [0x00000000c1400000, 0x0000000100000000)
  region size 1024K, 33 young (33792K), 4 survivors (4096K)
 Metaspace       used 16555K, capacity 17184K, committed 17408K, reserved 1064960K
  class space    used 1771K, capacity 2025K, committed 2048K, reserved 1048576K
}
Event: 3.860 GC heap after
{Heap after GC invocations=5 (full 0):
 garbage-first heap   total 65536K, used 14489K [0x00000000c1400000, 0x0000000100000000)
  region size 1024K, 3 young (3072K), 3 survivors (3072K)
 Metaspace       used 16555K, capacity 17184K, committed 17408K, reserved 1064960K
  class space    used 1771K, capacity 2025K, committed 2048K, reserved 1048576K
}
Event: 4.862 GC heap before
{Heap before GC invocations=5 (full 0):
 garbage-first heap   total 65536K, used 42137K [0x00000000c1400000, 0x0000000100000000)
  region size 1024K, 31 young (31744K), 3 survivors (3072K)
 Metaspace       used 20423K, capacity 21146K, committed 21296K, reserved 1069056K
  class space    used 2271K, capacity 2626K, committed 2688K, reserved 1048576K
}
Event: 4.875 GC heap after
{Heap after GC invocations=6 (full 0):
 garbage-first heap   total 78848K, used 18590K [0x00000000c1400000, 0x0000000100000000)
  region size 1024K, 4 young (4096K), 4 survivors (4096K)
 Metaspace       used 20423K, capacity 21146K, committed 21296K, reserved 1069056K
  class space    used 2271K, capacity 2626K, committed 2688K, reserved 1048576K
}
Event: 6.041 GC heap before
{Heap before GC invocations=7 (full 0):
 garbage-first heap   total 68608K, used 53406K [0x00000000c1400000, 0x0000000100000000)
  region size 1024K, 38 young (38912K), 4 survivors (4096K)
 Metaspace       used 25905K, capacity 26940K, committed 27056K, reserved 1073152K
  class space    used 2997K, capacity 3481K, committed 3584K, reserved 1048576K
}
Event: 6.059 GC heap after
{Heap after GC invocations=8 (full 0):
 garbage-first heap   total 68608K, used 23530K [0x00000000c1400000, 0x0000000100000000)
  region size 1024K, 5 young (5120K), 5 survivors (5120K)
 Metaspace       used 25905K, capacity 26940K, committed 27056K, reserved 1073152K
  class space    used 2997K, capacity 3481K, committed 3584K, reserved 1048576K
}

Deoptimization events (20 events):
Event: 6.695 Thread 0x000002636a70aff0 DEOPT PACKING pc=0x00000263009ea1ec sp=0x000000d173af9f50
Event: 6.695 Thread 0x000002636a70aff0 DEOPT UNPACKING pc=0x000002630004e23f sp=0x000000d173af9420 mode 1
Event: 6.696 Thread 0x000002636a70aff0 DEOPT PACKING pc=0x0000026300680efc sp=0x000000d173af95c0
Event: 6.696 Thread 0x000002636a70aff0 DEOPT UNPACKING pc=0x000002630004e23f sp=0x000000d173af8a58 mode 1
Event: 6.696 Thread 0x000002636a70aff0 DEOPT PACKING pc=0x0000026300673664 sp=0x000000d173af9690
Event: 6.696 Thread 0x000002636a70aff0 DEOPT UNPACKING pc=0x000002630004e23f sp=0x000000d173af8b48 mode 1
Event: 6.696 Thread 0x000002636a70aff0 DEOPT PACKING pc=0x0000026300902e5c sp=0x000000d173afa0a0
Event: 6.696 Thread 0x000002636a70aff0 DEOPT UNPACKING pc=0x000002630004e23f sp=0x000000d173af9578 mode 1
Event: 6.696 Thread 0x000002636a70aff0 DEOPT PACKING pc=0x0000026300bad0a4 sp=0x000000d173afa140
Event: 6.696 Thread 0x000002636a70aff0 DEOPT UNPACKING pc=0x000002630004e23f sp=0x000000d173af95f0 mode 1
Event: 6.696 Thread 0x000002636a70aff0 DEOPT PACKING pc=0x0000026300680efc sp=0x000000d173af94b0
Event: 6.696 Thread 0x000002636a70aff0 DEOPT UNPACKING pc=0x000002630004e23f sp=0x000000d173af8948 mode 1
Event: 6.696 Thread 0x000002636a70aff0 DEOPT PACKING pc=0x0000026300673664 sp=0x000000d173af9580
Event: 6.696 Thread 0x000002636a70aff0 DEOPT UNPACKING pc=0x000002630004e23f sp=0x000000d173af8a38 mode 1
Event: 6.696 Thread 0x000002636a70aff0 DEOPT PACKING pc=0x0000026300902e5c sp=0x000000d173af9f90
Event: 6.696 Thread 0x000002636a70aff0 DEOPT UNPACKING pc=0x000002630004e23f sp=0x000000d173af9468 mode 1
Event: 6.696 Thread 0x000002636a70aff0 DEOPT PACKING pc=0x0000026300c63b0c sp=0x000000d173afa030
Event: 6.696 Thread 0x000002636a70aff0 DEOPT UNPACKING pc=0x000002630004e23f sp=0x000000d173af9580 mode 1
Event: 6.696 Thread 0x000002636a70aff0 DEOPT PACKING pc=0x00000263009ea1ec sp=0x000000d173afa040
Event: 6.696 Thread 0x000002636a70aff0 DEOPT UNPACKING pc=0x000002630004e23f sp=0x000000d173af9510 mode 1

Classes unloaded (0 events):
No events

Classes redefined (2 events):
Event: 56.070 Thread 0x000002636a7ceae0 redefined class name=com.qa.practice.RestProject.BasicsPractice, count=1
Event: 90.263 Thread 0x000002636a7ceae0 redefined class name=com.qa.practice.RestProject.BasicsPractice, count=2

Internal exceptions (20 events):
Event: 5.908 Thread 0x000002636a70aff0 Exception <a 'java/lang/ClassNotFoundException'{0x00000000c39c2628}: [Lio/restassured/internal/common/assertion/PathFragmentEscaper;Customizer> (0x00000000c39c2628) 
thrown [./open/src/hotspot/share/prims/jni.cpp, line 599]
Event: 5.913 Thread 0x000002636a70aff0 Exception <a 'java/lang/ClassNotFoundException'{0x00000000c39efbb0}: java/lang/CharacterBeanInfo> (0x00000000c39efbb0) 
thrown [./open/src/hotspot/share/classfile/systemDictionary.cpp, line 295]
Event: 5.914 Thread 0x000002636a70aff0 Exception <a 'java/lang/ClassNotFoundException'{0x00000000c39f1de8}: java/lang/CharacterCustomizer> (0x00000000c39f1de8) 
thrown [./open/src/hotspot/share/classfile/systemDictionary.cpp, line 295]
Event: 5.920 Thread 0x000002636a70aff0 Exception <a 'java/lang/ClassNotFoundException'{0x00000000c38367c0}: org/apache/commons/lang3/math/NumberUtilsBeanInfo> (0x00000000c38367c0) 
thrown [./open/src/hotspot/share/classfile/systemDictionary.cpp, line 295]
Event: 5.921 Thread 0x000002636a70aff0 Exception <a 'java/lang/ClassNotFoundException'{0x00000000c383b880}: org/apache/commons/lang3/math/NumberUtilsCustomizer> (0x00000000c383b880) 
thrown [./open/src/hotspot/share/classfile/systemDictionary.cpp, line 295]
Event: 5.936 Thread 0x000002636a70aff0 Exception <a 'java/lang/ClassNotFoundException'{0x00000000c38db8c0}: groovy/lang/BindingBeanInfo> (0x00000000c38db8c0) 
thrown [./open/src/hotspot/share/classfile/systemDictionary.cpp, line 295]
Event: 5.937 Thread 0x000002636a70aff0 Exception <a 'java/lang/ClassNotFoundException'{0x00000000c38ebd28}: groovy/lang/BindingCustomizer> (0x00000000c38ebd28) 
thrown [./open/src/hotspot/share/classfile/systemDictionary.cpp, line 295]
Event: 5.944 Thread 0x000002636a70aff0 Exception <a 'java/lang/ClassNotFoundException'{0x00000000c3322440}: groovy/lang/GroovyShellBeanInfo> (0x00000000c3322440) 
thrown [./open/src/hotspot/share/classfile/systemDictionary.cpp, line 295]
Event: 5.945 Thread 0x000002636a70aff0 Exception <a 'java/lang/ClassNotFoundException'{0x00000000c3332950}: groovy/lang/GroovyShellCustomizer> (0x00000000c3332950) 
thrown [./open/src/hotspot/share/classfile/systemDictionary.cpp, line 295]
Event: 5.971 Thread 0x000002636a70aff0 Exception <a 'java/lang/NoSuchMethodError'{0x00000000c33b6a78}: 'void java.lang.invoke.DirectMethodHandle$Holder.invokeVirtual(java.lang.Object, java.lang.Object)'> (0x00000000c33b6a78) 
thrown [./open/src/hotspot/share/interpreter/linkResolver.cpp, line 782]
Event: 5.974 Thread 0x000002636a70aff0 Exception <a 'java/lang/NoSuchMethodError'{0x00000000c33bf990}: 'void java.lang.invoke.DirectMethodHandle$Holder.invokeSpecial(java.lang.Object, java.lang.Object, java.lang.Object, java.lang.Object, java.lang.Object)'> (0x00000000c33bf990) 
thrown [./open/src/hotspot/share/interpreter/linkResolver.cpp, line 782]
Event: 5.994 Thread 0x000002636a70aff0 Exception <a 'java/lang/NoSuchMethodError'{0x00000000c323c130}: 'void java.lang.invoke.DirectMethodHandle$Holder.invokeStatic(java.lang.Object, java.lang.Object, java.lang.Object, java.lang.Object, java.lang.Object, java.lang.Object)'> (0x00000000c323c130) 
thrown [./open/src/hotspot/share/interpreter/linkResolver.cpp, line 782]
Event: 6.494 Thread 0x000002636a70aff0 Exception <a 'java/lang/NoSuchMethodError'{0x00000000c4cf0818}: 'void java.lang.invoke.DirectMethodHandle$Holder.invokeSpecialIFC(java.lang.Object, java.lang.Object, java.lang.Object)'> (0x00000000c4cf0818) 
thrown [./open/src/hotspot/share/interpreter/linkResolver.cpp, line 782]
Event: 6.567 Thread 0x000002636a70aff0 Exception <a 'java/lang/NoSuchMethodError'{0x00000000c4aa64f0}: 'void java.lang.invoke.DirectMethodHandle$Holder.invokeSpecial(java.lang.Object, java.lang.Object, java.lang.Object, java.lang.Object, java.lang.Object, java.lang.Object)'> (0x00000000c4aa64f0) 
thrown [./open/src/hotspot/share/interpreter/linkResolver.cpp, line 782]
Event: 6.682 Thread 0x000002636a70aff0 Exception <a 'java/lang/ClassNotFoundException'{0x00000000c4607460}: Script1BeanInfo> (0x00000000c4607460) 
thrown [./open/src/hotspot/share/classfile/systemDictionary.cpp, line 295]
Event: 6.682 Thread 0x000002636a70aff0 Exception <a 'java/lang/ClassNotFoundException'{0x00000000c4617850}: groovy/lang/ScriptBeanInfo> (0x00000000c4617850) 
thrown [./open/src/hotspot/share/classfile/systemDictionary.cpp, line 295]
Event: 6.683 Thread 0x000002636a70aff0 Exception <a 'java/lang/ClassNotFoundException'{0x00000000c4627c98}: groovy/lang/ScriptCustomizer> (0x00000000c4627c98) 
thrown [./open/src/hotspot/share/classfile/systemDictionary.cpp, line 295]
Event: 6.685 Thread 0x000002636a70aff0 Exception <a 'java/lang/ClassNotFoundException'{0x00000000c46383d0}: Script1Customizer> (0x00000000c46383d0) 
thrown [./open/src/hotspot/share/classfile/systemDictionary.cpp, line 295]
Event: 6.695 Thread 0x000002636a70aff0 Exception <a 'java/lang/ClassNotFoundException'{0x00000000c4672c20}: io/restassured/assertion/HeaderMatcherBeanInfo> (0x00000000c4672c20) 
thrown [./open/src/hotspot/share/classfile/systemDictionary.cpp, line 295]
Event: 6.696 Thread 0x000002636a70aff0 Exception <a 'java/lang/ClassNotFoundException'{0x00000000c4676c00}: io/restassured/assertion/HeaderMatcherCustomizer> (0x00000000c4676c00) 
thrown [./open/src/hotspot/share/classfile/systemDictionary.cpp, line 295]

Events (20 events):
Event: 63.825 Executing VM operation: get/set locals
Event: 63.825 Executing VM operation: get/set locals done
Event: 63.847 Executing VM operation: get/set locals
Event: 63.847 Executing VM operation: get/set locals done
Event: 63.848 Executing VM operation: get/set locals
Event: 63.848 Executing VM operation: get/set locals done
Event: 90.255 Executing VM operation: RedefineClasses
Event: 90.278 Executing VM operation: RedefineClasses done
Event: 90.290 Executing VM operation: ChangeBreakpoints
Event: 90.292 Executing VM operation: ChangeBreakpoints done
Event: 90.308 Executing VM operation: ChangeBreakpoints
Event: 90.311 Executing VM operation: ChangeBreakpoints done
Event: 90.313 Executing VM operation: GetFrameCount
Event: 90.313 Executing VM operation: GetFrameCount done
Event: 90.313 Executing VM operation: GetStackTrace
Event: 90.313 Executing VM operation: GetStackTrace done
Event: 90.404 Executing VM operation: GetFrameCount
Event: 90.405 Executing VM operation: GetFrameCount done
Event: 90.421 Executing VM operation: GetFrameLocation
Event: 90.421 Executing VM operation: GetFrameLocation done


Dynamic libraries:
0x00007ff7c4e00000 - 0x00007ff7c4e0f000 	C:\Program Files\Java\jdk-15\bin\javaw.exe
0x00007ffe12580000 - 0x00007ffe12770000 	C:\WINDOWS\SYSTEM32\ntdll.dll
0x00007ffe11660000 - 0x00007ffe11712000 	C:\WINDOWS\System32\KERNEL32.DLL
0x00007ffe0f9f0000 - 0x00007ffe0fc95000 	C:\WINDOWS\System32\KERNELBASE.dll
0x00007ffe0f6c0000 - 0x00007ffe0f7ba000 	C:\WINDOWS\System32\ucrtbase.dll
0x00007ffe0c970000 - 0x00007ffe0c988000 	C:\Program Files\Java\jdk-15\bin\jli.dll
0x00007ffe11b30000 - 0x00007ffe11bd3000 	C:\WINDOWS\System32\ADVAPI32.dll
0x00007ffe106b0000 - 0x00007ffe1074e000 	C:\WINDOWS\System32\msvcrt.dll
0x00007ffe11720000 - 0x00007ffe117b7000 	C:\WINDOWS\System32\sechost.dll
0x00007ffe11a10000 - 0x00007ffe11b30000 	C:\WINDOWS\System32\RPCRT4.dll
0x00007ffe114c0000 - 0x00007ffe11654000 	C:\WINDOWS\System32\USER32.dll
0x00007ffe0f9c0000 - 0x00007ffe0f9e1000 	C:\WINDOWS\System32\win32u.dll
0x00007ffe12510000 - 0x00007ffe12536000 	C:\WINDOWS\System32\GDI32.dll
0x00007ffe0fd80000 - 0x00007ffe0ff16000 	C:\WINDOWS\System32\gdi32full.dll
0x00007ffe0f620000 - 0x00007ffe0f6be000 	C:\WINDOWS\System32\msvcp_win.dll
0x00007ffe0c930000 - 0x00007ffe0c949000 	C:\Program Files\Java\jdk-15\bin\VCRUNTIME140.dll
0x00007ffdfa990000 - 0x00007ffdfac14000 	C:\WINDOWS\WinSxS\amd64_microsoft.windows.common-controls_6595b64144ccf1df_6.0.18362.1256_none_9e7e379be45e40e2\COMCTL32.dll
0x00007ffe10840000 - 0x00007ffe10b76000 	C:\WINDOWS\System32\combase.dll
0x00007ffdff460000 - 0x00007ffdff46a000 	C:\WINDOWS\SYSTEM32\VERSION.dll
0x00007ffe0fca0000 - 0x00007ffe0fd21000 	C:\WINDOWS\System32\bcryptPrimitives.dll
0x00007ffe123b0000 - 0x00007ffe123de000 	C:\WINDOWS\System32\IMM32.DLL
0x00007ffe0db40000 - 0x00007ffe0db4c000 	C:\Program Files\Java\jdk-15\bin\vcruntime140_1.dll
0x00007ffdffd10000 - 0x00007ffdffda1000 	C:\Program Files\Java\jdk-15\bin\msvcp140.dll
0x00007ffdcf220000 - 0x00007ffdcfd7c000 	C:\Program Files\Java\jdk-15\bin\server\jvm.dll
0x00007ffe12140000 - 0x00007ffe12148000 	C:\WINDOWS\System32\PSAPI.DLL
0x00007ffe0c850000 - 0x00007ffe0c859000 	C:\WINDOWS\SYSTEM32\WSOCK32.dll
0x00007ffe0cb10000 - 0x00007ffe0cb34000 	C:\WINDOWS\SYSTEM32\WINMM.dll
0x00007ffe107d0000 - 0x00007ffe1083f000 	C:\WINDOWS\System32\WS2_32.dll
0x00007ffe0c990000 - 0x00007ffe0c9bd000 	C:\WINDOWS\SYSTEM32\winmmbase.dll
0x00007ffe0f910000 - 0x00007ffe0f95a000 	C:\WINDOWS\System32\cfgmgr32.dll
0x00007ffe0f4b0000 - 0x00007ffe0f4c1000 	C:\WINDOWS\System32\kernel.appcore.dll
0x00007ffe08d50000 - 0x00007ffe08d5a000 	C:\Program Files\Java\jdk-15\bin\jimage.dll
0x00007ffdfc350000 - 0x00007ffdfc544000 	C:\WINDOWS\SYSTEM32\DBGHELP.DLL
0x00007ffdfc220000 - 0x00007ffdfc24a000 	C:\WINDOWS\SYSTEM32\dbgcore.DLL
0x00007ffe0bbe0000 - 0x00007ffe0bc19000 	C:\Program Files\Java\jdk-15\bin\jdwp.dll
0x00007ffe03a10000 - 0x00007ffe03a35000 	C:\Program Files\Java\jdk-15\bin\java.dll
0x00007ffe10cc0000 - 0x00007ffe113a7000 	C:\WINDOWS\System32\SHELL32.dll
0x00007ffe12150000 - 0x00007ffe121f9000 	C:\WINDOWS\System32\shcore.dll
0x00007ffe0ff20000 - 0x00007ffe106a1000 	C:\WINDOWS\System32\windows.storage.dll
0x00007ffe0f4d0000 - 0x00007ffe0f4f3000 	C:\WINDOWS\System32\profapi.dll
0x00007ffe0f520000 - 0x00007ffe0f56a000 	C:\WINDOWS\System32\powrprof.dll
0x00007ffe0f4a0000 - 0x00007ffe0f4b0000 	C:\WINDOWS\System32\UMPDC.dll
0x00007ffe117d0000 - 0x00007ffe11822000 	C:\WINDOWS\System32\shlwapi.dll
0x00007ffe0fd60000 - 0x00007ffe0fd77000 	C:\WINDOWS\System32\cryptsp.dll
0x00007ffe0c920000 - 0x00007ffe0c92b000 	C:\Program Files\Java\jdk-15\bin\dt_socket.dll
0x00007ffe0e9a0000 - 0x00007ffe0e9da000 	C:\WINDOWS\SYSTEM32\IPHLPAPI.DLL
0x00007ffe0ec90000 - 0x00007ffe0ecf7000 	C:\WINDOWS\system32\mswsock.dll
0x00007ffe0e9e0000 - 0x00007ffe0eaab000 	C:\WINDOWS\SYSTEM32\DNSAPI.dll
0x00007ffe117c0000 - 0x00007ffe117c8000 	C:\WINDOWS\System32\NSI.dll
0x00007ffe086f0000 - 0x00007ffe086fa000 	C:\Windows\System32\rasadhlp.dll
0x00007ffe03550000 - 0x00007ffe035c7000 	C:\WINDOWS\System32\fwpuclnt.dll
0x00007ffe0fd30000 - 0x00007ffe0fd56000 	C:\WINDOWS\System32\bcrypt.dll
0x00007ffe039f0000 - 0x00007ffe03a09000 	C:\Program Files\Java\jdk-15\bin\net.dll
0x00007ffe06c70000 - 0x00007ffe06d60000 	C:\WINDOWS\SYSTEM32\WINHTTP.dll
0x00007ffe009d0000 - 0x00007ffe009e2000 	C:\Program Files\Java\jdk-15\bin\nio.dll
0x00007ffdf68b0000 - 0x00007ffdf68c8000 	C:\Program Files\Java\jdk-15\bin\zip.dll
0x00007ffe0e800000 - 0x00007ffe0e833000 	C:\WINDOWS\system32\rsaenh.dll
0x00007ffe0f3c0000 - 0x00007ffe0f3e5000 	C:\WINDOWS\SYSTEM32\USERENV.dll
0x00007ffe0ee60000 - 0x00007ffe0ee6c000 	C:\WINDOWS\SYSTEM32\CRYPTBASE.dll
0x00007ffe03b00000 - 0x00007ffe03b16000 	C:\WINDOWS\SYSTEM32\dhcpcsvc6.DLL
0x00007ffe03de0000 - 0x00007ffe03dfc000 	C:\WINDOWS\SYSTEM32\dhcpcsvc.DLL
0x00007ffe052d0000 - 0x00007ffe052e0000 	C:\Program Files\Java\jdk-15\bin\verify.dll
0x00007ffdfd580000 - 0x00007ffdfd58d000 	C:\Program Files\Java\jdk-15\bin\sunmscapi.dll
0x00007ffe0f7c0000 - 0x00007ffe0f909000 	C:\WINDOWS\System32\CRYPT32.dll
0x00007ffe0f500000 - 0x00007ffe0f512000 	C:\WINDOWS\System32\MSASN1.dll
0x00007ffe0ef60000 - 0x00007ffe0ef86000 	C:\WINDOWS\SYSTEM32\ncrypt.dll
0x00007ffe0ef20000 - 0x00007ffe0ef5b000 	C:\WINDOWS\SYSTEM32\NTASN1.dll

dbghelp: loaded successfully - version: 4.0.5 - missing functions: none
symbol engine: initialized successfully - sym options: 0x614 - pdb path: .;C:\Program Files\Java\jdk-15\bin;C:\WINDOWS\SYSTEM32;C:\WINDOWS\WinSxS\amd64_microsoft.windows.common-controls_6595b64144ccf1df_6.0.18362.1256_none_9e7e379be45e40e2;C:\Program Files\Java\jdk-15\bin\server

VM Arguments:
jvm_args: -XX:+ShowCodeDetailsInExceptionMessages -agentlib:jdwp=transport=dt_socket,suspend=y,address=localhost:58886 -ea -Dfile.encoding=Cp1252 
java_command: org.testng.remote.RemoteTestNG -serport 58885 -protocol json -d F:\Eclipse_Workspace\RestAssure_RahulSetty\RestProject\test-output C:\Users\Lenovo\AppData\Local\Temp\testng-eclipse--698444597\testng-customsuite.xml
java_class_path (initial): C:\Users\Lenovo\eclipse\java-2020-09\eclipse\configuration\org.eclipse.osgi\497\0\.cp\lib\testng-remote.jar;F:\Eclipse_Workspace\RestAssure_RahulSetty\RestProject\target\test-classes;F:\Eclipse_Workspace\RestAssure_RahulSetty\RestProject\target\classes;C:\Users\Lenovo\.m2\repository\io\rest-assured\rest-assured\4.3.3\rest-assured-4.3.3.jar;C:\Users\Lenovo\.m2\repository\org\codehaus\groovy\groovy\3.0.7\groovy-3.0.7.jar;C:\Users\Lenovo\.m2\repository\org\codehaus\groovy\groovy-xml\3.0.7\groovy-xml-3.0.7.jar;C:\Users\Lenovo\.m2\repository\org\apache\httpcomponents\httpclient\4.5.3\httpclient-4.5.3.jar;C:\Users\Lenovo\.m2\repository\org\apache\httpcomponents\httpcore\4.4.6\httpcore-4.4.6.jar;C:\Users\Lenovo\.m2\repository\commons-logging\commons-logging\1.2\commons-logging-1.2.jar;C:\Users\Lenovo\.m2\repository\commons-codec\commons-codec\1.9\commons-codec-1.9.jar;C:\Users\Lenovo\.m2\repository\org\apache\httpcomponents\httpmime\4.5.3\httpmime-4.5.3.jar;C:\Users\Lenovo\.m2\repository\org\hamcrest\hamcrest\2.1\hamcrest-2.1.jar;C:\Users\Lenovo\.m2\repository\org\ccil\cowan\tagsoup\tagsoup\1.2.1\tagsoup-1.2.1.jar;C:\Users\Lenovo\.m2\repository\io\rest-assured\json-path\4.3.3\json-path-4.3.3.jar;C:\Users\Lenovo\.m2\repository\org\codehaus\groovy\groovy-json\3.0.7\groovy-json-3.0.7.jar;C:\Users\Lenovo\.m2\repository\io\rest-assured\rest-assured-common\4.3.3\rest-assured-common-4.3.3.jar;C:\Users\Lenovo\.m2\repository\io\rest-assured\json-schema-validator\4.3.3\json-schema-validator-4.3.3.jar;C:\Users\Lenovo\.m2\repository\com\github\java-json-tools\json-schema-validator\2.2.14\json-schema-validator-2.2.14.jar;C:\Users\Lenovo\.m2\repository\com\google\guava\guava\28.2-android\guava-28.2-android.jar;C:\Users\Lenovo\.m2\repository\com\google\guava\failureaccess\1.0.1\failureaccess-1.0.1.jar;C:\Users\Lenovo\.m2\repository\com\google\guava\listenablefuture\9999.0-empty-to-avoid-conflict-with-guava\listenablefuture-9999.0-empty-to-avoid-conflict-with-
Launcher Type: SUN_STANDARD

[Global flags]
     intx CICompilerCount                          = 3                                         {product} {ergonomic}
     uint ConcGCThreads                            = 1                                         {product} {ergonomic}
     uint G1ConcRefinementThreads                  = 4                                         {product} {ergonomic}
   size_t G1HeapRegionSize                         = 1048576                                   {product} {ergonomic}
    uintx GCDrainStackTargetSize                   = 64                                        {product} {ergonomic}
   size_t InitialHeapSize                          = 67108864                                  {product} {ergonomic}
   size_t MarkStackSize                            = 4194304                                   {product} {ergonomic}
   size_t MaxHeapSize                              = 1052770304                                {product} {ergonomic}
   size_t MaxNewSize                               = 631242752                                 {product} {ergonomic}
   size_t MinHeapDeltaBytes                        = 1048576                                   {product} {ergonomic}
   size_t MinHeapSize                              = 8388608                                   {product} {ergonomic}
    uintx NonNMethodCodeHeapSize                   = 5832780                                {pd product} {ergonomic}
    uintx NonProfiledCodeHeapSize                  = 122912730                              {pd product} {ergonomic}
    uintx ProfiledCodeHeapSize                     = 122912730                              {pd product} {ergonomic}
    uintx ReservedCodeCacheSize                    = 251658240                              {pd product} {ergonomic}
     bool SegmentedCodeCache                       = true                                      {product} {ergonomic}
     bool ShowCodeDetailsInExceptionMessages       = true                                   {manageable} {command line}
   size_t SoftMaxHeapSize                          = 1052770304                             {manageable} {ergonomic}
     bool UseCompressedClassPointers               = true                                 {lp64_product} {ergonomic}
     bool UseCompressedOops                        = true                                 {lp64_product} {ergonomic}
     bool UseG1GC                                  = true                                      {product} {ergonomic}
     bool UseLargePagesIndividualAllocation        = false                                  {pd product} {ergonomic}

Logging:
Log output configuration:
 #0: stdout all=warning uptime,level,tags
 #1: stderr all=off uptime,level,tags

Environment Variables:
PATH=C:/Program Files/Java/jdk-15/bin/server;C:/Program Files/Java/jdk-15/bin;C:\Program Files\Common Files\Oracle\Java\javapath;C:\WINDOWS\system32;C:\WINDOWS;C:\WINDOWS\System32\Wbem;C:\WINDOWS\System32\WindowsPowerShell\v1.0\;C:\WINDOWS\System32\OpenSSH\;C:\Program Files\nodejs\;C:\Users\Lenovo\AppData\Local\Microsoft\WindowsApps;;C:\Users\Lenovo\AppData\Local\Programs\Microsoft VS Code\bin;C:\Users\Lenovo\AppData\Roaming\npm;C:\Users\Lenovo\Desktop;
USERNAME=Lenovo
OS=Windows_NT
PROCESSOR_IDENTIFIER=Intel64 Family 6 Model 61 Stepping 4, GenuineIntel



---------------  S Y S T E M  ---------------

OS:
 Windows 10 , 64 bit Build 18362 (10.0.18362.1110)
OS uptime: 7 days 4:43 hours

CPU: total 4 (initial active 4) (2 cores per cpu, 2 threads per core) family 6 model 61 stepping 4, cmov, cx8, fxsr, mmx, sse, sse2, sse3, ssse3, sse4.1, sse4.2, popcnt, vzeroupper, avx, avx2, aes, clmul, erms, 3dnowpref, lzcnt, ht, tsc, tscinvbit, bmi1, bmi2, adx, fma, clflush

Memory: 4k page, system-wide physical 4009M (402M free)
TotalPageFile size 7342M (AvailPageFile size 1436M)
current process WorkingSet (physical memory assigned to process): 152M, peak: 207M
current process commit charge ("private bytes"): 192M, peak: 246M

vm_info: Java HotSpot(TM) 64-Bit Server VM (15+36-1562) for windows-amd64 JRE (15+36-1562), built on Aug 11 2020 22:38:02 by "mach5one" with unknown MS VC++:1925

END.
